<?xml version="1.0" encoding="utf-8"?><testsuites><testsuite name="pytest" errors="0" failures="0" skipped="0" tests="44" time="258.841" timestamp="2026-05-15T11:43:49.982663" hostname="anngo154"><testcase classname="tests.test_book_management.TestBookManagement" name="test_add_book_from_excel[TC_QLS_001]" time="7.182" /><testcase classname="tests.test_book_management.TestBookManagement" name="test_add_book_from_excel[TC_QLS_002]" time="1.682" /><testcase classname="tests.test_book_management.TestBookManagement" name="test_add_book_from_excel[TC_QLS_003]" time="1.668" /><testcase classname="tests.test_book_management.TestBookManagement" name="test_add_book_from_excel[TC_QLS_004]" time="0.108" /><testcase classname="tests.test_book_management.TestBookManagement" name="test_add_book_from_excel[TC_QLS_005]" time="0.393" /><testcase classname="tests.test_book_management.TestBookManagement" name="test_add_book_from_excel[TC_QLS_006]" time="4.295" /><testcase classname="tests.test_book_management.TestBookManagement" name="test_edit_book_from_excel[TC_QLS_007]" time="0.165" /><testcase classname="tests.test_book_management.TestBookManagement" name="test_edit_book_from_excel[TC_QLS_008]" time="0.185" /><testcase classname="tests.test_book_management.TestBookManagement" name="test_edit_book_from_excel[TC_QLS_009]" time="3.368" /><testcase classname="tests.test_book_management.TestBookManagement" name="test_edit_book_from_excel[TC_QLS_010]" time="0.203" /><testcase classname="tests.test_book_management.TestBookManagement" name="test_edit_book_from_excel[TC_QLS_011]" time="0.244" /><testcase classname="tests.test_book_management.TestBookManagement" name="test_edit_book_from_excel[TC_QLS_012]" time="1.272" /><testcase classname="tests.test_book_management.TestBookManagement" name="test_del_search_from_excel[TC_QLS_013]" time="0.680" /><testcase classname="tests.test_book_management.TestBookManagement" name="test_del_search_from_excel[TC_QLS_014]" time="3.773" /><testcase classname="tests.test_book_management.TestBookManagement" name="test_del_search_from_excel[TC_QLS_015]" time="18.414" /><testcase classname="tests.test_book_management.TestBookManagement" name="test_del_search_from_excel[TC_QLS_016]" time="2.078" /><testcase classname="tests.test_book_management.TestBookManagement" name="test_del_search_from_excel[TC_QLS_017]" time="2.034" /><testcase classname="tests.test_borrow_books.TestUserBorrowBooks" name="test_borrow_books_from_excel[TC_MS_001]" time="9.881" /><testcase classname="tests.test_borrow_books.TestUserBorrowBooks" name="test_borrow_books_from_excel[TC_MS_002]" time="4.663" /><testcase classname="tests.test_borrow_books.TestUserBorrowBooks" name="test_borrow_books_from_excel[TC_MS_003]" time="5.287" /><testcase classname="tests.test_borrow_books.TestUserBorrowBooks" name="test_borrow_books_from_excel[TC_MS_004]" time="6.109" /><testcase classname="tests.test_borrow_books.TestUserBorrowBooks" name="test_borrow_books_from_excel[TC_MS_005]" time="7.762" /><testcase classname="tests.test_borrow_books.TestUserBorrowBooks" name="test_borrow_books_from_excel[TC_MS_006]" time="5.830" /><testcase classname="tests.test_borrow_books.TestUserBorrowBooks" name="test_borrow_books_from_excel[TC_MS_007]" time="6.303" /><testcase classname="tests.test_borrow_books.TestUserBorrowBooks" name="test_borrow_books_from_excel[TC_MS_008]" time="21.804" /><testcase classname="tests.test_login.TestLogin" name="test_login_from_excel[TC_DN_001]" time="3.544" /><testcase classname="tests.test_login.TestLogin" name="test_login_from_excel[TC_DN_002]" time="3.037" /><testcase classname="tests.test_login.TestLogin" name="test_login_from_excel[TC_DN_003]" time="2.414" /><testcase classname="tests.test_login.TestLogin" name="test_login_from_excel[TC_DN_004]" time="2.432" /><testcase classname="tests.test_login.TestLogin" name="test_login_from_excel[TC_DN_005]" time="2.467" /><testcase classname="tests.test_login.TestLogin" name="test_login_from_excel[TC_DN_006]" time="1.631" /><testcase classname="tests.test_login.TestLogin" name="test_login_from_excel[TC_DN_007]" time="1.613" /><testcase classname="tests.test_login.TestLogin" name="test_login_from_excel[TC_DN_008]" time="1.550" /><testcase classname="tests.test_login.TestLogin" name="test_login_from_excel[TC_DN_009]" time="1.641" /><testcase classname="tests.test_login.TestLogin" name="test_login_from_excel[TC_DN_010]" time="1.565" /><testcase classname="tests.test_transaction.TestTransactionManagement" name="test_transaction_from_excel[TC_MT_001]" time="4.286" /><testcase classname="tests.test_transaction.TestTransactionManagement" name="test_transaction_from_excel[TC_MT_002]" time="26.866" /><testcase classname="tests.test_transaction.TestTransactionManagement" name="test_transaction_from_excel[TC_MT_003]" time="18.549" /><testcase classname="tests.test_transaction.TestTransactionManagement" name="test_transaction_from_excel[TC_MT_004]" time="0.849" /><testcase classname="tests.test_transaction.TestTransactionManagement" name="test_transaction_from_excel[TC_MT_005]" time="23.750" /><testcase classname="tests.test_transaction.TestTransactionManagement" name="test_transaction_from_excel[TC_MT_006]" time="17.605" /><testcase classname="tests.test_transaction.TestTransactionManagement" name="test_transaction_from_excel[TC_MT_007]" time="0.856" /><testcase classname="tests.test_transaction.TestTransactionManagement" name="test_transaction_from_excel[TC_MT_008]" time="10.337" /><testcase classname="tests.test_transaction.TestTransactionManagement" name="test_transaction_from_excel[TC_MT_009]" time="17.958" /></testsuite></testsuites>