<?xml version="1.0" encoding="utf-8"?><testsuites><testsuite name="pytest" errors="0" failures="0" skipped="0" tests="44" time="480.755" timestamp="2026-05-04T23:52:27.374166" hostname="anngo154"><testcase classname="tests.test_book_management.TestBookManagement" name="test_add_book_from_excel[TC_QLS_001]" time="36.757" /><testcase classname="tests.test_book_management.TestBookManagement" name="test_add_book_from_excel[TC_QLS_002]" time="16.967" /><testcase classname="tests.test_book_management.TestBookManagement" name="test_add_book_from_excel[TC_QLS_003]" time="13.953" /><testcase classname="tests.test_book_management.TestBookManagement" name="test_add_book_from_excel[TC_QLS_004]" time="4.848" /><testcase classname="tests.test_book_management.TestBookManagement" name="test_add_book_from_excel[TC_QLS_005]" time="8.202" /><testcase classname="tests.test_book_management.TestBookManagement" name="test_add_book_from_excel[TC_QLS_006]" time="20.042" /><testcase classname="tests.test_book_management.TestBookManagement" name="test_edit_book_from_excel[TC_QLS_007]" time="4.594" /><testcase classname="tests.test_book_management.TestBookManagement" name="test_edit_book_from_excel[TC_QLS_008]" time="5.114" /><testcase classname="tests.test_book_management.TestBookManagement" name="test_edit_book_from_excel[TC_QLS_009]" time="28.541" /><testcase classname="tests.test_book_management.TestBookManagement" name="test_edit_book_from_excel[TC_QLS_010]" time="19.977" /><testcase classname="tests.test_book_management.TestBookManagement" name="test_edit_book_from_excel[TC_QLS_011]" time="5.648" /><testcase classname="tests.test_book_management.TestBookManagement" name="test_edit_book_from_excel[TC_QLS_012]" time="5.892" /><testcase classname="tests.test_book_management.TestBookManagement" name="test_del_search_from_excel[TC_QLS_013]" time="7.764" /><testcase classname="tests.test_book_management.TestBookManagement" name="test_del_search_from_excel[TC_QLS_014]" time="34.595" /><testcase classname="tests.test_book_management.TestBookManagement" name="test_del_search_from_excel[TC_QLS_015]" time="27.007" /><testcase classname="tests.test_book_management.TestBookManagement" name="test_del_search_from_excel[TC_QLS_016]" time="26.101" /><testcase classname="tests.test_book_management.TestBookManagement" name="test_del_search_from_excel[TC_QLS_017]" time="24.683" /><testcase classname="tests.test_borrow_books.TestUserBorrowBooks" name="test_borrow_books_from_excel[TC_MS_001]" time="12.421" /><testcase classname="tests.test_borrow_books.TestUserBorrowBooks" name="test_borrow_books_from_excel[TC_MS_002]" time="5.593" /><testcase classname="tests.test_borrow_books.TestUserBorrowBooks" name="test_borrow_books_from_excel[TC_MS_003]" time="6.721" /><testcase classname="tests.test_borrow_books.TestUserBorrowBooks" name="test_borrow_books_from_excel[TC_MS_004]" time="9.476" /><testcase classname="tests.test_borrow_books.TestUserBorrowBooks" name="test_borrow_books_from_excel[TC_MS_005]" time="9.285" /><testcase classname="tests.test_borrow_books.TestUserBorrowBooks" name="test_borrow_books_from_excel[TC_MS_006]" time="6.485" /><testcase classname="tests.test_borrow_books.TestUserBorrowBooks" name="test_borrow_books_from_excel[TC_MS_007]" time="7.864" /><testcase classname="tests.test_borrow_books.TestUserBorrowBooks" name="test_borrow_books_from_excel[TC_MS_008]" time="16.961" /><testcase classname="tests.test_login.TestLogin" name="test_login_from_excel[TC_DN_001]" time="7.435" /><testcase classname="tests.test_login.TestLogin" name="test_login_from_excel[TC_DN_002]" time="3.956" /><testcase classname="tests.test_login.TestLogin" name="test_login_from_excel[TC_DN_003]" time="3.358" /><testcase classname="tests.test_login.TestLogin" name="test_login_from_excel[TC_DN_004]" time="3.628" /><testcase classname="tests.test_login.TestLogin" name="test_login_from_excel[TC_DN_005]" time="3.498" /><testcase classname="tests.test_login.TestLogin" name="test_login_from_excel[TC_DN_006]" time="4.694" /><testcase classname="tests.test_login.TestLogin" name="test_login_from_excel[TC_DN_007]" time="2.246" /><testcase classname="tests.test_login.TestLogin" name="test_login_from_excel[TC_DN_008]" time="2.616" /><testcase classname="tests.test_login.TestLogin" name="test_login_from_excel[TC_DN_009]" time="4.361" /><testcase classname="tests.test_login.TestLogin" name="test_login_from_excel[TC_DN_010]" time="4.237" /><testcase classname="tests.test_transaction.TestTransactionManagement" name="test_transaction_from_excel[TC_MT_001]" time="6.830" /><testcase classname="tests.test_transaction.TestTransactionManagement" name="test_transaction_from_excel[TC_MT_002]" time="5.125" /><testcase classname="tests.test_transaction.TestTransactionManagement" name="test_transaction_from_excel[TC_MT_003]" time="15.283" /><testcase classname="tests.test_transaction.TestTransactionManagement" name="test_transaction_from_excel[TC_MT_004]" time="2.636" /><testcase classname="tests.test_transaction.TestTransactionManagement" name="test_transaction_from_excel[TC_MT_005]" time="5.616" /><testcase classname="tests.test_transaction.TestTransactionManagement" name="test_transaction_from_excel[TC_MT_006]" time="14.201" /><testcase classname="tests.test_transaction.TestTransactionManagement" name="test_transaction_from_excel[TC_MT_007]" time="2.644" /><testcase classname="tests.test_transaction.TestTransactionManagement" name="test_transaction_from_excel[TC_MT_008]" time="5.484" /><testcase classname="tests.test_transaction.TestTransactionManagement" name="test_transaction_from_excel[TC_MT_009]" time="16.513" /></testsuite></testsuites>